<?xml version="1.0" encoding="UTF-8"?>
<!-- Generated by org.testng.reporters.JUnitReportReporter -->
<testsuite hostname="LAPTOP-EJ3NBRG9" failures="0" tests="1" name="Basic.OrganizationTest" time="22.186" errors="0" timestamp="2024-03-22T11:23:05 IST" skipped="0">
  <testcase classname="Basic.OrganizationTest" name="CreateOrganizationTest" time="22.186"/>
  <system-out/>
</testsuite> <!-- Basic.OrganizationTest -->
